<?xml version="1.0" encoding="UTF-8"?>
<!-- Generated by org.testng.reporters.JUnitXMLReporter -->
<testsuite hostname="B276" name="Regression suite 2" tests="6" failures="0" timestamp="24 Aug 2015 10:45:20 GMT" time="2.138" errors="0">
  <testcase name="firstTestCase" time="1.13" classname="test.ng.DemoTwo"/>
  <testcase name="secondTestCase" time="0.0" classname="test.ng.DemoTwo"/>
  <testcase name="firstTestCase" time="1.003" classname="test.ng.DemoOne"/>
  <testcase name="secondTestCase" time="0.001" classname="test.ng.DemoOne"/>
  <testcase name="firstTestCase" time="0.001" classname="test.ng.DemoThree"/>
  <testcase name="secondTestCase" time="0.0" classname="test.ng.DemoThree"/>
</testsuite> <!-- Regression suite 2 -->
