<?xml version="1.0" encoding="UTF-8"?>
<!-- Generated by org.testng.reporters.JUnitXMLReporter -->
<testsuite hostname="B276" name="Login Test" tests="4" failures="0" timestamp="14 Oct 2015 13:52:23 GMT" time="6.433" errors="0">
  <testcase name="testSubmitRegistrationForm" time="2.672" classname="spot.scripts.RegistrationTest"/>
  <testcase name="testVerificationMail" time="0.012" classname="spot.scripts.RegistrationTest"/>
  <testcase name="testActivateAccount" time="2.693" classname="spot.scripts.RegistrationTest"/>
  <testcase name="changePasswordTest" time="0.001" classname="spot.scripts.RegistrationTest"/>
</testsuite> <!-- Login Test -->
