<?xml version="1.0" encoding="UTF-8"?>
<!-- Generated by org.testng.reporters.JUnitXMLReporter -->
<testsuite hostname="B276" name="Registration Test" tests="3" failures="0" timestamp="1 Sep 2015 08:18:27 GMT" time="6.628" errors="0">
  <testcase name="testSubmitRegistrationForm" time="2.825" classname="spot.scripts.RegistrationTest"/>
  <testcase name="testVerificationMail" time="2.287" classname="spot.scripts.RegistrationTest"/>
  <testcase name="testLogout" time="0.416" classname="spot.scripts.LogoutTest"/>
</testsuite> <!-- Registration Test -->
