<?xml version="1.0" encoding="UTF-8"?>
<!-- Generated by org.testng.reporters.JUnitXMLReporter -->
<testsuite hostname="B276" name="URL Test" tests="1" failures="1" timestamp="25 Aug 2015 10:47:35 GMT" time="117.259" errors="0">
  <testcase name="validateLinks" time="117.206" classname="spot.util.URLTest">
    <failure type="testlink.api.java.client.TestLinkAPIException" message="The call to the xml-rpc client failed.">
      <![CDATA[testlink.api.java.client.TestLinkAPIException: The call to the xml-rpc client failed.
	at testlink.api.java.client.TestLinkAPIClient.executeXmlRpcMethod(TestLinkAPIClient.java:1266)
	at testlink.api.java.client.TestLinkAPIClient.execXmlRpcMethodWithCache(TestLinkAPIClient.java:1195)
	at testlink.api.java.client.TestLinkAPIClient.getProjects(TestLinkAPIClient.java:726)
	at testlink.api.java.client.TestLinkAPIHelper.getProjectInfo(TestLinkAPIHelper.java:64)
	at testlink.api.java.client.TestLinkAPIHelper.getProjectID(TestLinkAPIHelper.java:48)
	at testlink.api.java.client.TestLinkAPIClient.reportTestCaseResult(TestLinkAPIClient.java:184)
	at spot.util.URLTest.reportResult(URLTest.java:126)
	at spot.util.URLTest.validateLinks(URLTest.java:83)
Caused by: org.apache.xmlrpc.XmlRpcException: Failed to read servers response: Connection refused: connect
	at org.apache.xmlrpc.client.XmlRpcStreamTransport.sendRequest(XmlRpcStreamTransport.java:150)
	at org.apache.xmlrpc.client.XmlRpcHttpTransport.sendRequest(XmlRpcHttpTransport.java:94)
	at org.apache.xmlrpc.client.XmlRpcSunHttpTransport.sendRequest(XmlRpcSunHttpTransport.java:44)
	at org.apache.xmlrpc.client.XmlRpcClientWorker.execute(XmlRpcClientWorker.java:53)
	at org.apache.xmlrpc.client.XmlRpcClient.execute(XmlRpcClient.java:166)
	at org.apache.xmlrpc.client.XmlRpcClient.execute(XmlRpcClient.java:157)
	at org.apache.xmlrpc.client.XmlRpcClient.execute(XmlRpcClient.java:146)
	at testlink.api.java.client.TestLinkAPIClient.executeXmlRpcMethod(TestLinkAPIClient.java:1232)
	... 31 more
Caused by: java.net.ConnectException: Connection refused: connect
	at java.net.DualStackPlainSocketImpl.connect0(Native Method)
	at java.net.DualStackPlainSocketImpl.socketConnect(Unknown Source)
	at java.net.AbstractPlainSocketImpl.doConnect(Unknown Source)
	at java.net.AbstractPlainSocketImpl.connectToAddress(Unknown Source)
	at java.net.AbstractPlainSocketImpl.connect(Unknown Source)
	at java.net.PlainSocketImpl.connect(Unknown Source)
	at java.net.SocksSocketImpl.connect(Unknown Source)
	at java.net.Socket.connect(Unknown Source)
	at java.net.Socket.connect(Unknown Source)
	at sun.net.NetworkClient.doConnect(Unknown Source)
	at sun.net.www.http.HttpClient.openServer(Unknown Source)
	at sun.net.www.http.HttpClient.openServer(Unknown Source)
	at sun.net.www.http.HttpClient.<init>(Unknown Source)
	at sun.net.www.http.HttpClient.New(Unknown Source)
	at sun.net.www.http.HttpClient.New(Unknown Source)
	at sun.net.www.protocol.http.HttpURLConnection.getNewHttpClient(Unknown Source)
	at sun.net.www.protocol.http.HttpURLConnection.plainConnect0(Unknown Source)
	at sun.net.www.protocol.http.HttpURLConnection.plainConnect(Unknown Source)
	at sun.net.www.protocol.http.HttpURLConnection.connect(Unknown Source)
	at sun.net.www.protocol.http.HttpURLConnection.getOutputStream0(Unknown Source)
	at sun.net.www.protocol.http.HttpURLConnection.getOutputStream(Unknown Source)
	at org.apache.xmlrpc.client.XmlRpcSunHttpTransport.writeRequest(XmlRpcSunHttpTransport.java:70)
	at org.apache.xmlrpc.client.XmlRpcStreamTransport.sendRequest(XmlRpcStreamTransport.java:140)
	... 38 more
... Removed 24 stack frames]]>
    </failure>
  </testcase> <!-- validateLinks -->
</testsuite> <!-- URL Test -->
