<?xml version="1.0" encoding="UTF-8"?>
<!-- Generated by org.testng.reporters.JUnitXMLReporter -->
<testsuite hostname="B276" name="Extern Links and Further Services" tests="1" failures="1" timestamp="30 Oct 2015 14:45:17 GMT" time="3.262" errors="0">
  <testcase name="openDisclaimerTest" time="3.207" classname="spot.scripts.DisclaimerTest">
    <failure type="java.lang.AssertionError" message="Not known test environment url expected [true] but found [false]">
      <![CDATA[java.lang.AssertionError: Not known test environment url expected [true] but found [false]
	at spot.scripts.DisclaimerTest.openDisclaimerTest(DisclaimerTest.java:39)
... Removed 28 stack frames]]>
    </failure>
  </testcase> <!-- openDisclaimerTest -->
</testsuite> <!-- Extern Links and Further Services -->
