<?xml version="1.0" encoding="UTF-8"?>
<!-- Generated by org.testng.reporters.JUnitXMLReporter -->
<testsuite hostname="B276" name="Search Functionality" tests="4" failures="1" timestamp="30 Oct 2015 14:45:24 GMT" time="7.398" errors="0">
  <testcase name="openAdvancedSearchTest" time="0.79" classname="spot.scripts.SearchTest"/>
  <testcase name="searchForAlbumsTest" time="1.46" classname="spot.scripts.SearchTest"/>
  <testcase name="searchForCollectionsTest" time="1.523" classname="spot.scripts.SearchTest"/>
  <testcase name="searchForItemsTest" time="1.272" classname="spot.scripts.SearchTest">
    <failure type="java.lang.AssertionError" message="expected [items:(awob)] but found [Inhalte:(awob)]">
      <![CDATA[java.lang.AssertionError: expected [items:(awob)] but found [Inhalte:(awob)]
	at spot.scripts.SearchTest.searchFor(SearchTest.java:67)
	at spot.scripts.SearchTest.searchForItemsTest(SearchTest.java:43)
... Removed 29 stack frames]]>
    </failure>
  </testcase> <!-- searchForItemsTest -->
</testsuite> <!-- Search Functionality -->
