<?xml version="1.0" encoding="UTF-8"?>
<!-- Generated by org.testng.reporters.JUnitXMLReporter -->
<testsuite hostname="B276" name="User Preference Settings" tests="4" failures="0" timestamp="27 Oct 2015 07:36:12 GMT" time="7.174" errors="0">
  <testcase name="changeLanguageSetupToEnglishTest" time="1.9" classname="spot.scripts.EditLanguageSetupTest"/>
  <testcase name="changeLanguageSetupToSpanishTest" time="1.812" classname="spot.scripts.EditLanguageSetupTest"/>
  <testcase name="changeLanguageSetupToJapaneseTest" time="1.747" classname="spot.scripts.EditLanguageSetupTest"/>
  <testcase name="changeLanguageSetupToGermanTest" time="1.681" classname="spot.scripts.EditLanguageSetupTest"/>
</testsuite> <!-- User Preference Settings -->
